<?xml version="1.0" encoding="UTF-8"?>
<testng-results skipped="0" failed="1" ignored="0" total="7" passed="6">
  <reporter-output>
  </reporter-output>
  <suite name="CRMAutomation " duration-ms="104965" started-at="2021-08-24T09:58:17Z" finished-at="2021-08-24T10:00:02Z">
    <groups>
    </groups>
    <test name="CRM_APP_TEST" duration-ms="104965" started-at="2021-08-24T09:58:17Z" finished-at="2021-08-24T10:00:02Z">
      <class name="com.crm.testcases.HomePageTest">
        <test-method status="PASS" signature="setup()[pri:0, instance:com.crm.testcases.HomePageTest@5f341870]" name="setup" is-config="true" duration-ms="11967" started-at="2021-08-24T09:58:33Z" finished-at="2021-08-24T09:58:45Z">
          <reporter-output>
          </reporter-output>
        </test-method> <!-- setup -->
        <test-method status="PASS" signature="verifyhomePageTitle()[pri:1, instance:com.crm.testcases.HomePageTest@5f341870]" name="verifyhomePageTitle" duration-ms="8" started-at="2021-08-24T09:58:45Z" finished-at="2021-08-24T09:58:45Z">
          <reporter-output>
          </reporter-output>
        </test-method> <!-- verifyhomePageTitle -->
        <test-method status="PASS" signature="tearDown()[pri:0, instance:com.crm.testcases.HomePageTest@5f341870]" name="tearDown" is-config="true" duration-ms="642" started-at="2021-08-24T09:58:45Z" finished-at="2021-08-24T09:58:46Z">
          <reporter-output>
          </reporter-output>
        </test-method> <!-- tearDown -->
        <test-method status="PASS" signature="setup()[pri:0, instance:com.crm.testcases.HomePageTest@5f341870]" name="setup" is-config="true" duration-ms="12951" started-at="2021-08-24T09:59:10Z" finished-at="2021-08-24T09:59:23Z">
          <reporter-output>
          </reporter-output>
        </test-method> <!-- setup -->
        <test-method status="PASS" signature="verifyUserDisplayed()[pri:2, instance:com.crm.testcases.HomePageTest@5f341870]" name="verifyUserDisplayed" duration-ms="146" started-at="2021-08-24T09:59:23Z" finished-at="2021-08-24T09:59:23Z">
          <reporter-output>
          </reporter-output>
        </test-method> <!-- verifyUserDisplayed -->
        <test-method status="PASS" signature="tearDown()[pri:0, instance:com.crm.testcases.HomePageTest@5f341870]" name="tearDown" is-config="true" duration-ms="663" started-at="2021-08-24T09:59:23Z" finished-at="2021-08-24T09:59:24Z">
          <reporter-output>
          </reporter-output>
        </test-method> <!-- tearDown -->
        <test-method status="PASS" signature="setup()[pri:0, instance:com.crm.testcases.HomePageTest@5f341870]" name="setup" is-config="true" duration-ms="12662" started-at="2021-08-24T09:59:48Z" finished-at="2021-08-24T10:00:00Z">
          <reporter-output>
          </reporter-output>
        </test-method> <!-- setup -->
        <test-method status="PASS" signature="verifyContactsLink()[pri:3, instance:com.crm.testcases.HomePageTest@5f341870]" name="verifyContactsLink" duration-ms="1172" started-at="2021-08-24T10:00:00Z" finished-at="2021-08-24T10:00:02Z">
          <reporter-output>
          </reporter-output>
        </test-method> <!-- verifyContactsLink -->
        <test-method status="PASS" signature="tearDown()[pri:0, instance:com.crm.testcases.HomePageTest@5f341870]" name="tearDown" is-config="true" duration-ms="648" started-at="2021-08-24T10:00:02Z" finished-at="2021-08-24T10:00:02Z">
          <reporter-output>
          </reporter-output>
        </test-method> <!-- tearDown -->
      </class> <!-- com.crm.testcases.HomePageTest -->
      <class name="com.crm.testcases.LoginTest">
        <test-method status="PASS" signature="setup()[pri:0, instance:com.crm.testcases.LoginTest@553f17c]" name="setup" is-config="true" duration-ms="7318" started-at="2021-08-24T09:58:46Z" finished-at="2021-08-24T09:58:53Z">
          <reporter-output>
          </reporter-output>
        </test-method> <!-- setup -->
        <test-method status="FAIL" signature="loginPageTitle()[pri:1, instance:com.crm.testcases.LoginTest@553f17c]" name="loginPageTitle" duration-ms="19" started-at="2021-08-24T09:58:53Z" finished-at="2021-08-24T09:58:53Z">
          <exception class="java.lang.AssertionError">
            <message>
              <![CDATA[expected [Free CRM  - CRM software for customer relationship management, sales, and support.] but found [Free CRM - CRM software for customer relationship management, sales, and support.]]]>
            </message>
            <full-stacktrace>
              <![CDATA[java.lang.AssertionError: expected [Free CRM  - CRM software for customer relationship management, sales, and support.] but found [Free CRM - CRM software for customer relationship management, sales, and support.]
at org.testng.Assert.fail(Assert.java:96)
at org.testng.Assert.failNotEquals(Assert.java:776)
at org.testng.Assert.assertEqualsImpl(Assert.java:137)
at org.testng.Assert.assertEquals(Assert.java:118)
at org.testng.Assert.assertEquals(Assert.java:453)
at org.testng.Assert.assertEquals(Assert.java:463)
at com.crm.testcases.LoginTest.loginPageTitle(LoginTest.java:39)
at sun.reflect.NativeMethodAccessorImpl.invoke0(Native Method)
at sun.reflect.NativeMethodAccessorImpl.invoke(NativeMethodAccessorImpl.java:62)
at sun.reflect.DelegatingMethodAccessorImpl.invoke(DelegatingMethodAccessorImpl.java:43)
at java.lang.reflect.Method.invoke(Method.java:498)
at org.testng.internal.MethodInvocationHelper.invokeMethod(MethodInvocationHelper.java:124)
at org.testng.internal.Invoker.invokeMethod(Invoker.java:583)
at org.testng.internal.Invoker.invokeTestMethod(Invoker.java:719)
at org.testng.internal.Invoker.invokeTestMethods(Invoker.java:989)
at org.testng.internal.TestMethodWorker.invokeTestMethods(TestMethodWorker.java:125)
at org.testng.internal.TestMethodWorker.run(TestMethodWorker.java:109)
at org.testng.TestRunner.privateRun(TestRunner.java:648)
at org.testng.TestRunner.run(TestRunner.java:505)
at org.testng.SuiteRunner.runTest(SuiteRunner.java:455)
at org.testng.SuiteRunner.runSequentially(SuiteRunner.java:450)
at org.testng.SuiteRunner.privateRun(SuiteRunner.java:415)
at org.testng.SuiteRunner.run(SuiteRunner.java:364)
at org.testng.SuiteRunnerWorker.runSuite(SuiteRunnerWorker.java:52)
at org.testng.SuiteRunnerWorker.run(SuiteRunnerWorker.java:84)
at org.testng.TestNG.runSuitesSequentially(TestNG.java:1208)
at org.testng.TestNG.runSuitesLocally(TestNG.java:1137)
at org.testng.TestNG.runSuites(TestNG.java:1049)
at org.testng.TestNG.run(TestNG.java:1017)
at org.testng.remote.AbstractRemoteTestNG.run(AbstractRemoteTestNG.java:115)
at org.testng.remote.RemoteTestNG.initAndRun(RemoteTestNG.java:251)
at org.testng.remote.RemoteTestNG.main(RemoteTestNG.java:77)
]]>
            </full-stacktrace>
          </exception> <!-- java.lang.AssertionError -->
          <reporter-output>
          </reporter-output>
        </test-method> <!-- loginPageTitle -->
        <test-method status="PASS" signature="tearDown()[pri:0, instance:com.crm.testcases.LoginTest@553f17c]" name="tearDown" is-config="true" duration-ms="633" started-at="2021-08-24T09:58:53Z" finished-at="2021-08-24T09:58:54Z">
          <reporter-output>
          </reporter-output>
        </test-method> <!-- tearDown -->
        <test-method status="PASS" signature="setup()[pri:0, instance:com.crm.testcases.LoginTest@553f17c]" name="setup" is-config="true" duration-ms="11050" started-at="2021-08-24T09:59:24Z" finished-at="2021-08-24T09:59:35Z">
          <reporter-output>
          </reporter-output>
        </test-method> <!-- setup -->
        <test-method status="PASS" signature="loginToCRM()[pri:2, instance:com.crm.testcases.LoginTest@553f17c]" name="loginToCRM" duration-ms="12211" started-at="2021-08-24T09:59:35Z" finished-at="2021-08-24T09:59:47Z">
          <reporter-output>
          </reporter-output>
        </test-method> <!-- loginToCRM -->
        <test-method status="PASS" signature="tearDown()[pri:0, instance:com.crm.testcases.LoginTest@553f17c]" name="tearDown" is-config="true" duration-ms="633" started-at="2021-08-24T09:59:47Z" finished-at="2021-08-24T09:59:48Z">
          <reporter-output>
          </reporter-output>
        </test-method> <!-- tearDown -->
      </class> <!-- com.crm.testcases.LoginTest -->
      <class name="com.crm.testcases.ContactPageTest">
        <test-method status="PASS" signature="setup()[pri:0, instance:com.crm.testcases.ContactPageTest@14bf9759]" name="setup" is-config="true" duration-ms="15050" started-at="2021-08-24T09:58:17Z" finished-at="2021-08-24T09:58:32Z">
          <reporter-output>
          </reporter-output>
        </test-method> <!-- setup -->
        <test-method status="PASS" signature="verifyContactsLabel()[pri:1, instance:com.crm.testcases.ContactPageTest@14bf9759]" name="verifyContactsLabel" duration-ms="106" started-at="2021-08-24T09:58:32Z" finished-at="2021-08-24T09:58:32Z">
          <reporter-output>
          </reporter-output>
        </test-method> <!-- verifyContactsLabel -->
        <test-method status="PASS" signature="tearDown()[pri:0, instance:com.crm.testcases.ContactPageTest@14bf9759]" name="tearDown" is-config="true" duration-ms="655" started-at="2021-08-24T09:58:32Z" finished-at="2021-08-24T09:58:33Z">
          <reporter-output>
          </reporter-output>
        </test-method> <!-- tearDown -->
        <test-method status="PASS" signature="setup()[pri:0, instance:com.crm.testcases.ContactPageTest@14bf9759]" name="setup" is-config="true" duration-ms="14739" started-at="2021-08-24T09:58:54Z" finished-at="2021-08-24T09:59:08Z">
          <reporter-output>
          </reporter-output>
        </test-method> <!-- setup -->
        <test-method status="PASS" signature="selectContact()[pri:2, instance:com.crm.testcases.ContactPageTest@14bf9759]" name="selectContact" duration-ms="124" started-at="2021-08-24T09:59:08Z" finished-at="2021-08-24T09:59:09Z">
          <reporter-output>
          </reporter-output>
        </test-method> <!-- selectContact -->
        <test-method status="PASS" signature="tearDown()[pri:0, instance:com.crm.testcases.ContactPageTest@14bf9759]" name="tearDown" is-config="true" duration-ms="1527" started-at="2021-08-24T09:59:09Z" finished-at="2021-08-24T09:59:10Z">
          <reporter-output>
          </reporter-output>
        </test-method> <!-- tearDown -->
      </class> <!-- com.crm.testcases.ContactPageTest -->
    </test> <!-- CRM_APP_TEST -->
  </suite> <!-- CRMAutomation  -->
</testng-results>
